13:38:49.858 [main] DEBUG com.intuit.karate.Suite - [config] classpath:karate-config.js
13:38:49.887 [main] INFO  c.intuit.karate.core.FeatureRuntime - found scenario at line: 3 - ^Verify whether ListUsers api is able to list all users$
13:38:50.690 [main] INFO  com.intuit.karate - Tests will be executed in dev environment 
13:38:50.909 [main] DEBUG com.intuit.karate - request:
1 > GET https://reqres.in/api/users?page=2
1 > Host: reqres.in
1 > Connection: Keep-Alive
1 > User-Agent: Apache-HttpClient/4.5.13 (Java/11.0.17)
1 > Accept-Encoding: gzip,deflate


13:38:51.099 [main] DEBUG com.intuit.karate - response time in milliseconds: 188
1 < 200
1 < Date: Wed, 30 Nov 2022 08:08:51 GMT
1 < Content-Type: application/json; charset=utf-8
1 < Transfer-Encoding: chunked
1 < Connection: keep-alive
1 < X-Powered-By: Express
1 < Access-Control-Allow-Origin: *
1 < Etag: W/"406-ut0vzoCuidvyMf8arZpMpJ6ZRDw"
1 < Via: 1.1 vegur
1 < Cache-Control: max-age=14400
1 < CF-Cache-Status: HIT
1 < Age: 221
1 < Report-To: {"endpoints":[{"url":"https:\/\/a.nel.cloudflare.com\/report\/v3?s=Nq3DI433znJj%2FqpJXsFKwYGye3INVQSIrvDcR17TeHmJ%2BDxCxuJn2%2Be8Zbbn0%2BgpjucnBjylXuxaNUmRUJ%2FoWUWqZyUnWig%2FZ3i4vw4brWeGzgCx66nwewfpcQ%3D%3D"}],"group":"cf-nel","max_age":604800}
1 < NEL: {"success_fraction":0,"report_to":"cf-nel","max_age":604800}
1 < Vary: Accept-Encoding
1 < Server: cloudflare
1 < CF-RAY: 772218f8f8608608-BOM
{"page":2,"per_page":6,"total":12,"total_pages":2,"data":[{"id":7,"email":"michael.lawson@reqres.in","first_name":"Michael","last_name":"Lawson","avatar":"https://reqres.in/img/faces/7-image.jpg"},{"id":8,"email":"lindsay.ferguson@reqres.in","first_name":"Lindsay","last_name":"Ferguson","avatar":"https://reqres.in/img/faces/8-image.jpg"},{"id":9,"email":"tobias.funke@reqres.in","first_name":"Tobias","last_name":"Funke","avatar":"https://reqres.in/img/faces/9-image.jpg"},{"id":10,"email":"byron.fields@reqres.in","first_name":"Byron","last_name":"Fields","avatar":"https://reqres.in/img/faces/10-image.jpg"},{"id":11,"email":"george.edwards@reqres.in","first_name":"George","last_name":"Edwards","avatar":"https://reqres.in/img/faces/11-image.jpg"},{"id":12,"email":"rachel.howell@reqres.in","first_name":"Rachel","last_name":"Howell","avatar":"https://reqres.in/img/faces/12-image.jpg"}],"support":{"url":"https://reqres.in/#support-heading","text":"To keep ReqRes free, contributions towards server costs are appreciated!"}}

13:38:51.127 [main] INFO  com.intuit.karate - [print] michael.lawson@reqres.in 
13:38:51.649 [main] INFO  com.intuit.karate.Suite - <<pass>> feature 1 of 1 (0 remaining) src/test/java/Basics/listAllUsers.feature
13:41:41.397 [main] DEBUG com.intuit.karate.Suite - [config] classpath:karate-config.js
13:41:41.401 [main] INFO  com.intuit.karate.Suite - backed up existing 'target/karate-reports' dir to: target/karate-reports_1669795901400
13:41:41.427 [main] INFO  c.intuit.karate.core.FeatureRuntime - found scenario at line: 2 - ^test API$
13:41:42.163 [main] INFO  com.intuit.karate - Tests will be executed in dev environment 
13:41:42.358 [main] DEBUG com.intuit.karate - request:
1 > GET https://reqres.in/api/users
1 > Host: reqres.in
1 > Connection: Keep-Alive
1 > User-Agent: Apache-HttpClient/4.5.13 (Java/11.0.17)
1 > Accept-Encoding: gzip,deflate


13:41:42.539 [main] DEBUG com.intuit.karate - response time in milliseconds: 180
1 < 200
1 < Date: Wed, 30 Nov 2022 08:11:42 GMT
1 < Content-Type: application/json; charset=utf-8
1 < Transfer-Encoding: chunked
1 < Connection: keep-alive
1 < X-Powered-By: Express
1 < Access-Control-Allow-Origin: *
1 < Etag: W/"3e4-2RLXvr5wTg9YQ6aH95CkYoFNuO8"
1 < Via: 1.1 vegur
1 < Cache-Control: max-age=14400
1 < CF-Cache-Status: HIT
1 < Age: 1508
1 < Report-To: {"endpoints":[{"url":"https:\/\/a.nel.cloudflare.com\/report\/v3?s=NERMP8JjbYb6Rjkyi7wdEN3jJ3HDJqejXNClirgdJoNYYepUhwlbu4lvI8AgrlibKjwF542vLCmj81GTEUbwtfXctcX4ouQPU%2Bz52AEnKCykzphXxnRnLIRiNg%3D%3D"}],"group":"cf-nel","max_age":604800}
1 < NEL: {"success_fraction":0,"report_to":"cf-nel","max_age":604800}
1 < Vary: Accept-Encoding
1 < Server: cloudflare
1 < CF-RAY: 77221d287def1bcb-BOM
{"page":1,"per_page":6,"total":12,"total_pages":2,"data":[{"id":1,"email":"george.bluth@reqres.in","first_name":"George","last_name":"Bluth","avatar":"https://reqres.in/img/faces/1-image.jpg"},{"id":2,"email":"janet.weaver@reqres.in","first_name":"Janet","last_name":"Weaver","avatar":"https://reqres.in/img/faces/2-image.jpg"},{"id":3,"email":"emma.wong@reqres.in","first_name":"Emma","last_name":"Wong","avatar":"https://reqres.in/img/faces/3-image.jpg"},{"id":4,"email":"eve.holt@reqres.in","first_name":"Eve","last_name":"Holt","avatar":"https://reqres.in/img/faces/4-image.jpg"},{"id":5,"email":"charles.morris@reqres.in","first_name":"Charles","last_name":"Morris","avatar":"https://reqres.in/img/faces/5-image.jpg"},{"id":6,"email":"tracey.ramos@reqres.in","first_name":"Tracey","last_name":"Ramos","avatar":"https://reqres.in/img/faces/6-image.jpg"}],"support":{"url":"https://reqres.in/#support-heading","text":"To keep ReqRes free, contributions towards server costs are appreciated!"}}

13:41:42.564 [main] INFO  com.intuit.karate - [print] george.bluth@reqres.in 
13:41:42.565 [main] ERROR com.intuit.karate - src/test/java/Basics/Test.feature:7
And assert response.data[0].email == "michael.lawson@reqres.in"
did not evaluate to 'true': response.data[0].email == "michael.lawson@reqres.in"
src/test/java/Basics/Test.feature:7
13:41:43.068 [main] INFO  com.intuit.karate.Suite - <<fail>> feature 1 of 1 (0 remaining) src/test/java/Basics/Test.feature
13:42:03.921 [main] DEBUG com.intuit.karate.Suite - [config] classpath:karate-config.js
13:42:03.924 [main] INFO  com.intuit.karate.Suite - backed up existing 'target/karate-reports' dir to: target/karate-reports_1669795923924
13:42:03.947 [main] INFO  c.intuit.karate.core.FeatureRuntime - found scenario at line: 2 - ^test API$
13:42:04.669 [main] INFO  com.intuit.karate - Tests will be executed in dev environment 
13:42:04.867 [main] DEBUG com.intuit.karate - request:
1 > GET https://reqres.in/api/users?page=2
1 > Host: reqres.in
1 > Connection: Keep-Alive
1 > User-Agent: Apache-HttpClient/4.5.13 (Java/11.0.17)
1 > Accept-Encoding: gzip,deflate


13:42:05.033 [main] DEBUG com.intuit.karate - response time in milliseconds: 164
1 < 200
1 < Date: Wed, 30 Nov 2022 08:12:05 GMT
1 < Content-Type: application/json; charset=utf-8
1 < Transfer-Encoding: chunked
1 < Connection: keep-alive
1 < X-Powered-By: Express
1 < Access-Control-Allow-Origin: *
1 < Etag: W/"406-ut0vzoCuidvyMf8arZpMpJ6ZRDw"
1 < Via: 1.1 vegur
1 < Cache-Control: max-age=14400
1 < CF-Cache-Status: HIT
1 < Age: 1864
1 < Report-To: {"endpoints":[{"url":"https:\/\/a.nel.cloudflare.com\/report\/v3?s=7PXsMbn7VmNZohNmmUaJE77HpQLId0qB9VlAF1pRx0gAAMsnRW0WQF715LCbuKHm8pYGd%2Fs6jyqgFZrOMdUUsKFfEpnxVxZlT3mWPBp9eMQVDhFKmlDToxt6vw%3D%3D"}],"group":"cf-nel","max_age":604800}
1 < NEL: {"success_fraction":0,"report_to":"cf-nel","max_age":604800}
1 < Vary: Accept-Encoding
1 < Server: cloudflare
1 < CF-RAY: 77221db50adf6ec2-BOM
{"page":2,"per_page":6,"total":12,"total_pages":2,"data":[{"id":7,"email":"michael.lawson@reqres.in","first_name":"Michael","last_name":"Lawson","avatar":"https://reqres.in/img/faces/7-image.jpg"},{"id":8,"email":"lindsay.ferguson@reqres.in","first_name":"Lindsay","last_name":"Ferguson","avatar":"https://reqres.in/img/faces/8-image.jpg"},{"id":9,"email":"tobias.funke@reqres.in","first_name":"Tobias","last_name":"Funke","avatar":"https://reqres.in/img/faces/9-image.jpg"},{"id":10,"email":"byron.fields@reqres.in","first_name":"Byron","last_name":"Fields","avatar":"https://reqres.in/img/faces/10-image.jpg"},{"id":11,"email":"george.edwards@reqres.in","first_name":"George","last_name":"Edwards","avatar":"https://reqres.in/img/faces/11-image.jpg"},{"id":12,"email":"rachel.howell@reqres.in","first_name":"Rachel","last_name":"Howell","avatar":"https://reqres.in/img/faces/12-image.jpg"}],"support":{"url":"https://reqres.in/#support-heading","text":"To keep ReqRes free, contributions towards server costs are appreciated!"}}

13:42:05.057 [main] INFO  com.intuit.karate - [print] michael.lawson@reqres.in 
13:42:05.524 [main] INFO  com.intuit.karate.Suite - <<pass>> feature 1 of 1 (0 remaining) src/test/java/Basics/Test.feature
14:43:58.136 [main] DEBUG com.intuit.karate.Suite - [config] classpath:karate-config.js
14:43:58.141 [main] INFO  com.intuit.karate.Suite - backed up existing 'target/karate-reports' dir to: target/karate-reports_1669799638140
14:43:58.170 [main] INFO  c.intuit.karate.core.FeatureRuntime - found scenario at line: 3 - ^Verify whether new user can be created using java custom step definition$
14:43:59.201 [main] INFO  com.intuit.karate - Tests will be executed in dev environment 
14:43:59.617 [main] DEBUG com.intuit.karate - request:
1 > POST https://reqres.in/api/register
1 > Content-Type: application/json; charset=UTF-8
1 > Content-Length: 34
1 > Host: reqres.in
1 > Connection: Keep-Alive
1 > User-Agent: Apache-HttpClient/4.5.13 (Java/11.0.17)
1 > Accept-Encoding: gzip,deflate
{"email":"Jayabal7657@sample.com"}

14:44:00.187 [main] DEBUG com.intuit.karate - response time in milliseconds: 568
1 < 400
1 < Date: Wed, 30 Nov 2022 09:14:00 GMT
1 < Content-Type: application/json; charset=utf-8
1 < Content-Length: 28
1 < Connection: keep-alive
1 < X-Powered-By: Express
1 < Access-Control-Allow-Origin: *
1 < Etag: W/"1c-NmpazMScs9tOqR7eDEesn+pqC9Q"
1 < Via: 1.1 vegur
1 < CF-Cache-Status: DYNAMIC
1 < Report-To: {"endpoints":[{"url":"https:\/\/a.nel.cloudflare.com\/report\/v3?s=Jt7%2F5pyZ17Jq2EC0PO0JJflOwg286ouDlsShstPoudxLJN6BKj9lzohin0P9OrWv%2Ftq12aH%2BWWdQB7TY%2F88aQPgQdg1uCdvidEU7%2BrwErRnUG5%2Fc4MxXkcImSA%3D%3D"}],"group":"cf-nel","max_age":604800}
1 < NEL: {"success_fraction":0,"report_to":"cf-nel","max_age":604800}
1 < Server: cloudflare
1 < CF-RAY: 77227865cb9631cf-BOM
{"error":"Missing password"}

14:44:00.200 [main] INFO  com.intuit.karate - [print] Error message is Missing password 
14:44:00.922 [main] INFO  com.intuit.karate.Suite - <<pass>> feature 1 of 1 (0 remaining) src/test/java/Advanced/ForKarateEnvFIle.feature
14:46:29.645 [main] DEBUG com.intuit.karate.Suite - [config] classpath:karate-config.js
14:46:29.651 [main] INFO  com.intuit.karate.Suite - backed up existing 'target/karate-reports' dir to: target/karate-reports_1669799789650
14:46:29.678 [main] INFO  c.intuit.karate.core.FeatureRuntime - found scenario at line: 4 - ^Verify whether new user can be created using java custom step definition$
14:46:30.665 [main] INFO  com.intuit.karate - Tests will be executed in dev environment 
14:46:30.996 [main] DEBUG com.intuit.karate - request:
1 > POST https://reqres.in/api/register
1 > Content-Type: application/json; charset=UTF-8
1 > Content-Length: 34
1 > Host: reqres.in
1 > Connection: Keep-Alive
1 > User-Agent: Apache-HttpClient/4.5.13 (Java/11.0.17)
1 > Accept-Encoding: gzip,deflate
{"email":"Jayabal6058@sample.com"}

14:46:31.557 [main] DEBUG com.intuit.karate - response time in milliseconds: 557
1 < 400
1 < Date: Wed, 30 Nov 2022 09:16:31 GMT
1 < Content-Type: application/json; charset=utf-8
1 < Content-Length: 28
1 < Connection: keep-alive
1 < X-Powered-By: Express
1 < Access-Control-Allow-Origin: *
1 < Etag: W/"1c-NmpazMScs9tOqR7eDEesn+pqC9Q"
1 < Via: 1.1 vegur
1 < CF-Cache-Status: DYNAMIC
1 < Report-To: {"endpoints":[{"url":"https:\/\/a.nel.cloudflare.com\/report\/v3?s=KGdRvDa7VsBvvlqnO1IkqaibvcqUILhz9%2FjTenz1j8nYJyNGDk1a6%2FTiVzc0%2FBL6Y%2BttthWTOBvdtSHExXkwhXhM7Ev3APi8Y398EkW%2Fm%2FWCKRH94Il0Gq8rGQ%3D%3D"}],"group":"cf-nel","max_age":604800}
1 < NEL: {"success_fraction":0,"report_to":"cf-nel","max_age":604800}
1 < Server: cloudflare
1 < CF-RAY: 77227c17cc996eda-BOM
{"error":"Missing password"}

14:46:31.568 [main] INFO  com.intuit.karate - [print] Error message is Missing password 
14:46:32.248 [main] INFO  com.intuit.karate.Suite - <<pass>> feature 1 of 1 (0 remaining) src/test/java/Advanced/CreateUsers.feature
15:08:32.886 [main] DEBUG com.intuit.karate.Suite - [config] classpath:karate-config.js
15:08:32.890 [main] INFO  com.intuit.karate.Suite - backed up existing 'target/karate-reports' dir to: target/karate-reports_1669801112890
15:08:32.920 [main] INFO  c.intuit.karate.core.FeatureRuntime - found scenario at line: 13 - ^Verify CreateUsers api for multiple users$
15:08:33.918 [main] INFO  com.intuit.karate - Tests will be executed in dev environment 
15:08:34.210 [main] DEBUG com.intuit.karate - request:
1 > POST https://reqres.in/api/users
1 > Content-Type: application/json; charset=UTF-8
1 > Content-Length: 30
1 > Host: reqres.in
1 > Connection: Keep-Alive
1 > User-Agent: Apache-HttpClient/4.5.13 (Java/11.0.17)
1 > Accept-Encoding: gzip,deflate
{"name":"John","job":"leader"}

15:08:34.760 [main] DEBUG com.intuit.karate - response time in milliseconds: 548
1 < 201
1 < Date: Wed, 30 Nov 2022 09:38:34 GMT
1 < Content-Type: application/json; charset=utf-8
1 < Content-Length: 80
1 < Connection: keep-alive
1 < X-Powered-By: Express
1 < Access-Control-Allow-Origin: *
1 < Etag: W/"50-i9S03fBKUJPECVTXCOOErbZfWzs"
1 < Via: 1.1 vegur
1 < CF-Cache-Status: DYNAMIC
1 < Report-To: {"endpoints":[{"url":"https:\/\/a.nel.cloudflare.com\/report\/v3?s=mvgC6ktGxW59rx%2FM4kEa1KmTsJyYtQMtpjEDirx4KvpxY3Z7KPbdiHO58O4I1kF9r1ZPunFDPYvdZ7wkiFwPmBxzqXSK%2B44Zdw4FbwGJiVjcdhn6ifk9JqTnDg%3D%3D"}],"group":"cf-nel","max_age":604800}
1 < NEL: {"success_fraction":0,"report_to":"cf-nel","max_age":604800}
1 < Server: cloudflare
1 < CF-RAY: 77229c65ef523223-BOM
{"name":"John","job":"leader","id":"494","createdAt":"2022-11-30T09:38:34.865Z"}

15:08:34.771 [main] INFO  com.intuit.karate - [print] user id is 494 
15:08:34.773 [main] INFO  c.intuit.karate.core.FeatureRuntime - found scenario at line: 14 - ^Verify CreateUsers api for multiple users$
15:08:34.779 [main] INFO  com.intuit.karate - Tests will be executed in dev environment 
15:08:34.782 [main] DEBUG com.intuit.karate - request:
1 > POST https://reqres.in/api/users
1 > Content-Type: application/json; charset=UTF-8
1 > Content-Length: 30
1 > Host: reqres.in
1 > Connection: Keep-Alive
1 > User-Agent: Apache-HttpClient/4.5.13 (Java/11.0.17)
1 > Accept-Encoding: gzip,deflate
{"name":"Jose","job":"leader"}

15:08:35.241 [main] DEBUG com.intuit.karate - response time in milliseconds: 458
1 < 201
1 < Date: Wed, 30 Nov 2022 09:38:35 GMT
1 < Content-Type: application/json; charset=utf-8
1 < Content-Length: 80
1 < Connection: keep-alive
1 < X-Powered-By: Express
1 < Access-Control-Allow-Origin: *
1 < Etag: W/"50-lt9t9lKFm8Q5AlDzqJYKqbnCK9M"
1 < Via: 1.1 vegur
1 < CF-Cache-Status: DYNAMIC
1 < Report-To: {"endpoints":[{"url":"https:\/\/a.nel.cloudflare.com\/report\/v3?s=YRWyUlCqxjfkO33wk1QBouzBJkN2ALJTtiax%2Fv9tyR7eB%2B2d6n8%2BFgBHtPikRlTKh2Kvt5iVL4IJQGUT%2BDY17BEfC2ilQoQluyev37wFNsqOzAYK5ZqrfjXggg%3D%3D"}],"group":"cf-nel","max_age":604800}
1 < NEL: {"success_fraction":0,"report_to":"cf-nel","max_age":604800}
1 < Server: cloudflare
1 < CF-RAY: 77229c68db7831e2-BOM
{"name":"Jose","job":"leader","id":"263","createdAt":"2022-11-30T09:38:35.355Z"}

15:08:35.243 [main] INFO  com.intuit.karate - [print] user id is 263 
15:08:35.949 [main] INFO  com.intuit.karate.Suite - <<pass>> feature 1 of 1 (0 remaining) src/test/java/Advanced/CreateMultipleUser.feature
15:08:49.944 [main] DEBUG com.intuit.karate.Suite - [config] classpath:karate-config.js
15:08:49.947 [main] INFO  com.intuit.karate.Suite - backed up existing 'target/karate-reports' dir to: target/karate-reports_1669801129947
15:08:49.973 [main] INFO  c.intuit.karate.core.FeatureRuntime - found scenario at line: 13 - ^Verify CreateUsers api for multiple users$
15:08:50.792 [main] INFO  com.intuit.karate - Tests will be executed in dev environment 
15:08:50.853 [main] ERROR com.intuit.karate - src/test/java/Advanced/CreateMultipleUser.feature:6
And request read('Advanced.createUserPayload.json')
js failed:
>>>>
01: read('Advanced.createUserPayload.json')
<<<<
org.graalvm.polyglot.PolyglotException: java.io.FileNotFoundException: /Users/tushar.varma/MasterCard_QA_Bootcamp_Trainer/QABootcampAPIAutomation/src/test/java/Advanced/Advanced.createUserPayload.json (No such file or directory)
- com.intuit.karate.resource.FileResource.getStream(FileResource.java:98)
- com.intuit.karate.core.ScenarioFileReader.readFileAsStream(ScenarioFileReader.java:99)
- com.intuit.karate.core.ScenarioFileReader.readFileAsString(ScenarioFileReader.java:95)
- com.intuit.karate.core.ScenarioFileReader.readFile(ScenarioFileReader.java:54)
- com.intuit.karate.core.ScenarioEngine.lambda$new$0(ScenarioEngine.java:120)
- <js>.:program(Unnamed:1)

src/test/java/Advanced/CreateMultipleUser.feature:6
15:08:50.854 [main] INFO  c.intuit.karate.core.FeatureRuntime - found scenario at line: 14 - ^Verify CreateUsers api for multiple users$
15:08:50.863 [main] INFO  com.intuit.karate - Tests will be executed in dev environment 
15:08:51.166 [main] DEBUG com.intuit.karate - request:
1 > POST https://reqres.in/api/users
1 > Content-Type: application/json; charset=UTF-8
1 > Content-Length: 30
1 > Host: reqres.in
1 > Connection: Keep-Alive
1 > User-Agent: Apache-HttpClient/4.5.13 (Java/11.0.17)
1 > Accept-Encoding: gzip,deflate
{"name":"Jose","job":"leader"}

15:08:51.741 [main] DEBUG com.intuit.karate - response time in milliseconds: 573
1 < 201
1 < Date: Wed, 30 Nov 2022 09:38:51 GMT
1 < Content-Type: application/json; charset=utf-8
1 < Content-Length: 80
1 < Connection: keep-alive
1 < X-Powered-By: Express
1 < Access-Control-Allow-Origin: *
1 < Etag: W/"50-DeF6iFRgKEhok6JzvbRVitWs1sU"
1 < Via: 1.1 vegur
1 < CF-Cache-Status: DYNAMIC
1 < Report-To: {"endpoints":[{"url":"https:\/\/a.nel.cloudflare.com\/report\/v3?s=Iwn%2B7yFMjKSMwTTK5sMDONzeHf1MP%2Bih6DhMpI8eAxmgI6%2FeLwDd9Th7ClqtaTCYLJnrZ8S12I9vKC%2FWSnx3wie8QwYJcAzl0NdzmBSBjo9ssecPsPQGtLZF1A%3D%3D"}],"group":"cf-nel","max_age":604800}
1 < NEL: {"success_fraction":0,"report_to":"cf-nel","max_age":604800}
1 < Server: cloudflare
1 < CF-RAY: 77229cd01dc431f9-BOM
{"name":"Jose","job":"leader","id":"853","createdAt":"2022-11-30T09:38:51.849Z"}

15:08:51.752 [main] INFO  com.intuit.karate - [print] user id is 853 
15:08:52.490 [main] INFO  com.intuit.karate.Suite - <<fail>> feature 1 of 1 (0 remaining) src/test/java/Advanced/CreateMultipleUser.feature
15:09:58.758 [main] DEBUG com.intuit.karate.Suite - [config] classpath:karate-config.js
15:09:58.763 [main] INFO  com.intuit.karate.Suite - backed up existing 'target/karate-reports' dir to: target/karate-reports_1669801198763
15:09:58.794 [main] INFO  c.intuit.karate.core.FeatureRuntime - found scenario at line: 13 - ^Verify CreateUsers api for multiple users$
15:09:59.819 [main] INFO  com.intuit.karate - Tests will be executed in dev environment 
15:09:59.869 [main] ERROR com.intuit.karate - src/test/java/Advanced/CreateMultipleUser.feature:6
And request read('createUserPayload.json')
js failed:
>>>>
01: read('createUserPayload.json')
<<<<
org.graalvm.polyglot.PolyglotException: java.io.FileNotFoundException: /Users/tushar.varma/MasterCard_QA_Bootcamp_Trainer/QABootcampAPIAutomation/src/test/java/Advanced/createUserPayload.json (No such file or directory)
- com.intuit.karate.resource.FileResource.getStream(FileResource.java:98)
- com.intuit.karate.core.ScenarioFileReader.readFileAsStream(ScenarioFileReader.java:99)
- com.intuit.karate.core.ScenarioFileReader.readFileAsString(ScenarioFileReader.java:95)
- com.intuit.karate.core.ScenarioFileReader.readFile(ScenarioFileReader.java:54)
- com.intuit.karate.core.ScenarioEngine.lambda$new$0(ScenarioEngine.java:120)
- <js>.:program(Unnamed:1)

src/test/java/Advanced/CreateMultipleUser.feature:6
15:09:59.870 [main] INFO  c.intuit.karate.core.FeatureRuntime - found scenario at line: 14 - ^Verify CreateUsers api for multiple users$
15:09:59.876 [main] INFO  com.intuit.karate - Tests will be executed in dev environment 
15:09:59.878 [main] ERROR com.intuit.karate - src/test/java/Advanced/CreateMultipleUser.feature:6
And request read('createUserPayloadTwo.json')
js failed:
>>>>
01: read('createUserPayloadTwo.json')
<<<<
org.graalvm.polyglot.PolyglotException: java.io.FileNotFoundException: /Users/tushar.varma/MasterCard_QA_Bootcamp_Trainer/QABootcampAPIAutomation/src/test/java/Advanced/createUserPayloadTwo.json (No such file or directory)
- com.intuit.karate.resource.FileResource.getStream(FileResource.java:98)
- com.intuit.karate.core.ScenarioFileReader.readFileAsStream(ScenarioFileReader.java:99)
- com.intuit.karate.core.ScenarioFileReader.readFileAsString(ScenarioFileReader.java:95)
- com.intuit.karate.core.ScenarioFileReader.readFile(ScenarioFileReader.java:54)
- com.intuit.karate.core.ScenarioEngine.lambda$new$0(ScenarioEngine.java:120)
- <js>.:program(Unnamed:1)

src/test/java/Advanced/CreateMultipleUser.feature:6
15:10:00.531 [main] INFO  com.intuit.karate.Suite - <<fail>> feature 1 of 1 (0 remaining) src/test/java/Advanced/CreateMultipleUser.feature
15:11:03.350 [main] DEBUG com.intuit.karate.Suite - [config] classpath:karate-config.js
15:11:03.354 [main] INFO  com.intuit.karate.Suite - backed up existing 'target/karate-reports' dir to: target/karate-reports_1669801263353
15:11:03.379 [main] INFO  c.intuit.karate.core.FeatureRuntime - found scenario at line: 13 - ^Verify CreateUsers api for multiple users$
15:11:04.306 [main] INFO  com.intuit.karate - Tests will be executed in dev environment 
15:11:04.381 [main] ERROR com.intuit.karate - src/test/java/Advanced/CreateMultipleUser.feature:6
And request read('resources.jsons.createUserPayload.json')
js failed:
>>>>
01: read('resources.jsons.createUserPayload.json')
<<<<
org.graalvm.polyglot.PolyglotException: java.io.FileNotFoundException: /Users/tushar.varma/MasterCard_QA_Bootcamp_Trainer/QABootcampAPIAutomation/src/test/java/Advanced/resources.jsons.createUserPayload.json (No such file or directory)
- com.intuit.karate.resource.FileResource.getStream(FileResource.java:98)
- com.intuit.karate.core.ScenarioFileReader.readFileAsStream(ScenarioFileReader.java:99)
- com.intuit.karate.core.ScenarioFileReader.readFileAsString(ScenarioFileReader.java:95)
- com.intuit.karate.core.ScenarioFileReader.readFile(ScenarioFileReader.java:54)
- com.intuit.karate.core.ScenarioEngine.lambda$new$0(ScenarioEngine.java:120)
- <js>.:program(Unnamed:1)

src/test/java/Advanced/CreateMultipleUser.feature:6
15:11:04.383 [main] INFO  c.intuit.karate.core.FeatureRuntime - found scenario at line: 14 - ^Verify CreateUsers api for multiple users$
15:11:04.392 [main] INFO  com.intuit.karate - Tests will be executed in dev environment 
15:11:04.396 [main] ERROR com.intuit.karate - src/test/java/Advanced/CreateMultipleUser.feature:6
And request read('createUserPayloadTwo.json')
js failed:
>>>>
01: read('createUserPayloadTwo.json')
<<<<
org.graalvm.polyglot.PolyglotException: java.io.FileNotFoundException: /Users/tushar.varma/MasterCard_QA_Bootcamp_Trainer/QABootcampAPIAutomation/src/test/java/Advanced/createUserPayloadTwo.json (No such file or directory)
- com.intuit.karate.resource.FileResource.getStream(FileResource.java:98)
- com.intuit.karate.core.ScenarioFileReader.readFileAsStream(ScenarioFileReader.java:99)
- com.intuit.karate.core.ScenarioFileReader.readFileAsString(ScenarioFileReader.java:95)
- com.intuit.karate.core.ScenarioFileReader.readFile(ScenarioFileReader.java:54)
- com.intuit.karate.core.ScenarioEngine.lambda$new$0(ScenarioEngine.java:120)
- <js>.:program(Unnamed:1)

src/test/java/Advanced/CreateMultipleUser.feature:6
15:11:05.137 [main] INFO  com.intuit.karate.Suite - <<fail>> feature 1 of 1 (0 remaining) src/test/java/Advanced/CreateMultipleUser.feature
15:11:35.249 [main] DEBUG com.intuit.karate.Suite - [config] classpath:karate-config.js
15:11:35.254 [main] INFO  com.intuit.karate.Suite - backed up existing 'target/karate-reports' dir to: target/karate-reports_1669801295253
15:11:35.280 [main] INFO  c.intuit.karate.core.FeatureRuntime - found scenario at line: 13 - ^Verify CreateUsers api for multiple users$
15:11:36.239 [main] INFO  com.intuit.karate - Tests will be executed in dev environment 
15:11:36.306 [main] ERROR com.intuit.karate - src/test/java/Advanced/CreateMultipleUser.feature:6
And request read('../resources/jsons/createUserPayload.json')
js failed:
>>>>
01: read('../resources/jsons/createUserPayload.json')
<<<<
org.graalvm.polyglot.PolyglotException: java.io.FileNotFoundException: /Users/tushar.varma/MasterCard_QA_Bootcamp_Trainer/QABootcampAPIAutomation/src/test/java/Advanced/../resources/jsons/createUserPayload.json (No such file or directory)
- com.intuit.karate.resource.FileResource.getStream(FileResource.java:98)
- com.intuit.karate.core.ScenarioFileReader.readFileAsStream(ScenarioFileReader.java:99)
- com.intuit.karate.core.ScenarioFileReader.readFileAsString(ScenarioFileReader.java:95)
- com.intuit.karate.core.ScenarioFileReader.readFile(ScenarioFileReader.java:54)
- com.intuit.karate.core.ScenarioEngine.lambda$new$0(ScenarioEngine.java:120)
- <js>.:program(Unnamed:1)

src/test/java/Advanced/CreateMultipleUser.feature:6
15:11:36.307 [main] INFO  c.intuit.karate.core.FeatureRuntime - found scenario at line: 14 - ^Verify CreateUsers api for multiple users$
15:11:36.315 [main] INFO  com.intuit.karate - Tests will be executed in dev environment 
15:11:36.318 [main] ERROR com.intuit.karate - src/test/java/Advanced/CreateMultipleUser.feature:6
And request read('createUserPayloadTwo.json')
js failed:
>>>>
01: read('createUserPayloadTwo.json')
<<<<
org.graalvm.polyglot.PolyglotException: java.io.FileNotFoundException: /Users/tushar.varma/MasterCard_QA_Bootcamp_Trainer/QABootcampAPIAutomation/src/test/java/Advanced/createUserPayloadTwo.json (No such file or directory)
- com.intuit.karate.resource.FileResource.getStream(FileResource.java:98)
- com.intuit.karate.core.ScenarioFileReader.readFileAsStream(ScenarioFileReader.java:99)
- com.intuit.karate.core.ScenarioFileReader.readFileAsString(ScenarioFileReader.java:95)
- com.intuit.karate.core.ScenarioFileReader.readFile(ScenarioFileReader.java:54)
- com.intuit.karate.core.ScenarioEngine.lambda$new$0(ScenarioEngine.java:120)
- <js>.:program(Unnamed:1)

src/test/java/Advanced/CreateMultipleUser.feature:6
15:11:37.007 [main] INFO  com.intuit.karate.Suite - <<fail>> feature 1 of 1 (0 remaining) src/test/java/Advanced/CreateMultipleUser.feature
15:14:36.158 [main] DEBUG com.intuit.karate.Suite - [config] classpath:karate-config.js
15:14:36.164 [main] INFO  com.intuit.karate.Suite - backed up existing 'target/karate-reports' dir to: target/karate-reports_1669801476164
15:14:36.194 [main] INFO  c.intuit.karate.core.FeatureRuntime - found scenario at line: 13 - ^Verify CreateUsers api for multiple users$
15:14:37.220 [main] INFO  com.intuit.karate - Tests will be executed in dev environment 
15:14:37.270 [main] ERROR com.intuit.karate - src/test/java/Advanced/CreateMultipleUser.feature:6
And request read('karate.properties['user.dir']/src/test/java/resources/jsons/createUserPayload.json')
js failed:
>>>>
01: read('karate.properties['user.dir']/src/test/java/resources/jsons/createUserPayload.json')
<<<<
org.graalvm.polyglot.PolyglotException: SyntaxError: Unnamed:1:25 Expected , but found user
read('karate.properties['user.dir']/src/test/java/resources/jsons/createUserPayload.json')
                         ^

- org.graalvm.polyglot.Context.eval(Context.java:425)
- com.intuit.karate.graal.JsEngine.evalForValue(JsEngine.java:139)
- com.intuit.karate.graal.JsEngine.eval(JsEngine.java:135)
- com.intuit.karate.core.ScenarioEngine.evalJs(ScenarioEngine.java:1190)
- com.intuit.karate.core.ScenarioEngine.evalKarateExpression(ScenarioEngine.java:2143)
- com.intuit.karate.core.ScenarioEngine.evalKarateExpression(ScenarioEngine.java:2062)
- com.intuit.karate.core.ScenarioEngine.request(ScenarioEngine.java:533)

src/test/java/Advanced/CreateMultipleUser.feature:6
15:14:37.271 [main] INFO  c.intuit.karate.core.FeatureRuntime - found scenario at line: 14 - ^Verify CreateUsers api for multiple users$
15:14:37.281 [main] INFO  com.intuit.karate - Tests will be executed in dev environment 
15:14:37.292 [main] ERROR com.intuit.karate - src/test/java/Advanced/CreateMultipleUser.feature:6
And request read('createUserPayloadTwo.json')
js failed:
>>>>
01: read('createUserPayloadTwo.json')
<<<<
org.graalvm.polyglot.PolyglotException: java.io.FileNotFoundException: /Users/tushar.varma/MasterCard_QA_Bootcamp_Trainer/QABootcampAPIAutomation/src/test/java/Advanced/createUserPayloadTwo.json (No such file or directory)
- com.intuit.karate.resource.FileResource.getStream(FileResource.java:98)
- com.intuit.karate.core.ScenarioFileReader.readFileAsStream(ScenarioFileReader.java:99)
- com.intuit.karate.core.ScenarioFileReader.readFileAsString(ScenarioFileReader.java:95)
- com.intuit.karate.core.ScenarioFileReader.readFile(ScenarioFileReader.java:54)
- com.intuit.karate.core.ScenarioEngine.lambda$new$0(ScenarioEngine.java:120)
- <js>.:program(Unnamed:1)

src/test/java/Advanced/CreateMultipleUser.feature:6
15:14:37.968 [main] INFO  com.intuit.karate.Suite - <<fail>> feature 1 of 1 (0 remaining) src/test/java/Advanced/CreateMultipleUser.feature
15:25:18.254 [main] DEBUG com.intuit.karate.Suite - [config] classpath:karate-config.js
15:25:18.258 [main] INFO  com.intuit.karate.Suite - backed up existing 'target/karate-reports' dir to: target/karate-reports_1669802118258
15:25:18.288 [main] INFO  c.intuit.karate.core.FeatureRuntime - found scenario at line: 13 - ^Verify CreateUsers api for multiple users$
15:25:19.211 [main] INFO  com.intuit.karate - Tests will be executed in dev environment 
15:25:19.268 [main] ERROR com.intuit.karate - src/test/java/Advanced/CreateMultipleUser.feature:6
And request read('resources/jsons/createUserPayload.json')
js failed:
>>>>
01: read('resources/jsons/createUserPayload.json')
<<<<
org.graalvm.polyglot.PolyglotException: java.io.FileNotFoundException: /Users/tushar.varma/MasterCard_QA_Bootcamp_Trainer/QABootcampAPIAutomation/src/test/java/Advanced/resources/jsons/createUserPayload.json (No such file or directory)
- com.intuit.karate.resource.FileResource.getStream(FileResource.java:98)
- com.intuit.karate.core.ScenarioFileReader.readFileAsStream(ScenarioFileReader.java:99)
- com.intuit.karate.core.ScenarioFileReader.readFileAsString(ScenarioFileReader.java:95)
- com.intuit.karate.core.ScenarioFileReader.readFile(ScenarioFileReader.java:54)
- com.intuit.karate.core.ScenarioEngine.lambda$new$0(ScenarioEngine.java:120)
- <js>.:program(Unnamed:1)

src/test/java/Advanced/CreateMultipleUser.feature:6
15:25:19.269 [main] INFO  c.intuit.karate.core.FeatureRuntime - found scenario at line: 14 - ^Verify CreateUsers api for multiple users$
15:25:19.280 [main] INFO  com.intuit.karate - Tests will be executed in dev environment 
15:25:19.285 [main] ERROR com.intuit.karate - src/test/java/Advanced/CreateMultipleUser.feature:6
And request read('createUserPayloadTwo.json')
js failed:
>>>>
01: read('createUserPayloadTwo.json')
<<<<
org.graalvm.polyglot.PolyglotException: java.io.FileNotFoundException: /Users/tushar.varma/MasterCard_QA_Bootcamp_Trainer/QABootcampAPIAutomation/src/test/java/Advanced/createUserPayloadTwo.json (No such file or directory)
- com.intuit.karate.resource.FileResource.getStream(FileResource.java:98)
- com.intuit.karate.core.ScenarioFileReader.readFileAsStream(ScenarioFileReader.java:99)
- com.intuit.karate.core.ScenarioFileReader.readFileAsString(ScenarioFileReader.java:95)
- com.intuit.karate.core.ScenarioFileReader.readFile(ScenarioFileReader.java:54)
- com.intuit.karate.core.ScenarioEngine.lambda$new$0(ScenarioEngine.java:120)
- <js>.:program(Unnamed:1)

src/test/java/Advanced/CreateMultipleUser.feature:6
15:25:19.958 [main] INFO  com.intuit.karate.Suite - <<fail>> feature 1 of 1 (0 remaining) src/test/java/Advanced/CreateMultipleUser.feature
15:25:57.827 [main] DEBUG com.intuit.karate.Suite - [config] classpath:karate-config.js
15:25:57.833 [main] INFO  com.intuit.karate.Suite - backed up existing 'target/karate-reports' dir to: target/karate-reports_1669802157832
15:25:57.868 [main] INFO  c.intuit.karate.core.FeatureRuntime - found scenario at line: 13 - ^Verify CreateUsers api for multiple users$
15:25:58.772 [main] INFO  com.intuit.karate - Tests will be executed in dev environment 
15:25:58.831 [main] ERROR com.intuit.karate - src/test/java/Advanced/CreateMultipleUser.feature:6
And request read('classpath :resources/jsons/createUserPayload.json')
js failed:
>>>>
01: read('classpath :resources/jsons/createUserPayload.json')
<<<<
org.graalvm.polyglot.PolyglotException: java.io.FileNotFoundException: /Users/tushar.varma/MasterCard_QA_Bootcamp_Trainer/QABootcampAPIAutomation/src/test/java/Advanced/classpath :resources/jsons/createUserPayload.json (No such file or directory)
- com.intuit.karate.resource.FileResource.getStream(FileResource.java:98)
- com.intuit.karate.core.ScenarioFileReader.readFileAsStream(ScenarioFileReader.java:99)
- com.intuit.karate.core.ScenarioFileReader.readFileAsString(ScenarioFileReader.java:95)
- com.intuit.karate.core.ScenarioFileReader.readFile(ScenarioFileReader.java:54)
- com.intuit.karate.core.ScenarioEngine.lambda$new$0(ScenarioEngine.java:120)
- <js>.:program(Unnamed:1)

src/test/java/Advanced/CreateMultipleUser.feature:6
15:25:58.832 [main] INFO  c.intuit.karate.core.FeatureRuntime - found scenario at line: 14 - ^Verify CreateUsers api for multiple users$
15:25:58.842 [main] INFO  com.intuit.karate - Tests will be executed in dev environment 
15:25:58.845 [main] ERROR com.intuit.karate - src/test/java/Advanced/CreateMultipleUser.feature:6
And request read('createUserPayloadTwo.json')
js failed:
>>>>
01: read('createUserPayloadTwo.json')
<<<<
org.graalvm.polyglot.PolyglotException: java.io.FileNotFoundException: /Users/tushar.varma/MasterCard_QA_Bootcamp_Trainer/QABootcampAPIAutomation/src/test/java/Advanced/createUserPayloadTwo.json (No such file or directory)
- com.intuit.karate.resource.FileResource.getStream(FileResource.java:98)
- com.intuit.karate.core.ScenarioFileReader.readFileAsStream(ScenarioFileReader.java:99)
- com.intuit.karate.core.ScenarioFileReader.readFileAsString(ScenarioFileReader.java:95)
- com.intuit.karate.core.ScenarioFileReader.readFile(ScenarioFileReader.java:54)
- com.intuit.karate.core.ScenarioEngine.lambda$new$0(ScenarioEngine.java:120)
- <js>.:program(Unnamed:1)

src/test/java/Advanced/CreateMultipleUser.feature:6
15:25:59.540 [main] INFO  com.intuit.karate.Suite - <<fail>> feature 1 of 1 (0 remaining) src/test/java/Advanced/CreateMultipleUser.feature
15:26:23.390 [main] DEBUG com.intuit.karate.Suite - [config] classpath:karate-config.js
15:26:23.397 [main] INFO  com.intuit.karate.Suite - backed up existing 'target/karate-reports' dir to: target/karate-reports_1669802183397
15:26:23.429 [main] INFO  c.intuit.karate.core.FeatureRuntime - found scenario at line: 13
15:26:24.283 [main] INFO  com.intuit.karate - Tests will be executed in dev environment 
15:26:24.336 [main] ERROR com.intuit.karate - src/test/java/Advanced/CreateMultipleUser.feature:6
And request read('/../resources/jsons/createUserPayload.json')
js failed:
>>>>
01: read('/../resources/jsons/createUserPayload.json')
<<<<
org.graalvm.polyglot.PolyglotException: java.io.FileNotFoundException: /Users/tushar.varma/MasterCard_QA_Bootcamp_Trainer/QABootcampAPIAutomation/src/test/java/Advanced/../resources/jsons/createUserPayload.json (No such file or directory)
- com.intuit.karate.resource.FileResource.getStream(FileResource.java:98)
- com.intuit.karate.core.ScenarioFileReader.readFileAsStream(ScenarioFileReader.java:99)
- com.intuit.karate.core.ScenarioFileReader.readFileAsString(ScenarioFileReader.java:95)
- com.intuit.karate.core.ScenarioFileReader.readFile(ScenarioFileReader.java:54)
- com.intuit.karate.core.ScenarioEngine.lambda$new$0(ScenarioEngine.java:120)
- <js>.:program(Unnamed:1)

src/test/java/Advanced/CreateMultipleUser.feature:6
15:26:25.021 [main] INFO  com.intuit.karate.Suite - <<fail>> feature 1 of 1 (0 remaining) src/test/java/Advanced/CreateMultipleUser.feature
15:30:06.978 [main] DEBUG com.intuit.karate.Suite - [config] classpath:karate-config.js
15:30:06.982 [main] INFO  com.intuit.karate.Suite - backed up existing 'target/karate-reports' dir to: target/karate-reports_1669802406982
15:30:07.013 [main] INFO  c.intuit.karate.core.FeatureRuntime - found scenario at line: 13
15:30:07.954 [main] INFO  com.intuit.karate - Tests will be executed in dev environment 
15:30:08.014 [main] ERROR com.intuit.karate - src/test/java/Advanced/CreateMultipleUser.feature:6
And request read('classpath:resources/jsons/createUserPayload.json')
js failed:
>>>>
01: read('classpath:resources/jsons/createUserPayload.json')
<<<<
org.graalvm.polyglot.PolyglotException: not found: resources/jsons/createUserPayload.json
- com.intuit.karate.resource.ResourceUtils.getResource(ResourceUtils.java:126)
- com.intuit.karate.core.ScenarioFileReader.toResource(ScenarioFileReader.java:129)
- com.intuit.karate.core.ScenarioFileReader.readFileAsStream(ScenarioFileReader.java:99)
- com.intuit.karate.core.ScenarioFileReader.readFileAsString(ScenarioFileReader.java:95)
- com.intuit.karate.core.ScenarioFileReader.readFile(ScenarioFileReader.java:54)
- com.intuit.karate.core.ScenarioEngine.lambda$new$0(ScenarioEngine.java:120)
- <js>.:program(Unnamed:1)

src/test/java/Advanced/CreateMultipleUser.feature:6
15:30:08.643 [main] INFO  com.intuit.karate.Suite - <<fail>> feature 1 of 1 (0 remaining) src/test/java/Advanced/CreateMultipleUser.feature
15:30:47.866 [main] DEBUG com.intuit.karate.Suite - [config] classpath:karate-config.js
15:30:47.870 [main] INFO  com.intuit.karate.Suite - backed up existing 'target/karate-reports' dir to: target/karate-reports_1669802447869
15:30:47.896 [main] INFO  c.intuit.karate.core.FeatureRuntime - found scenario at line: 13
15:30:48.717 [main] INFO  com.intuit.karate - Tests will be executed in dev environment 
15:30:49.087 [main] DEBUG com.intuit.karate - request:
1 > POST https://reqres.in/api/users
1 > Content-Type: application/json; charset=UTF-8
1 > Content-Length: 30
1 > Host: reqres.in
1 > Connection: Keep-Alive
1 > User-Agent: Apache-HttpClient/4.5.13 (Java/11.0.17)
1 > Accept-Encoding: gzip,deflate
{"name":"John","job":"leader"}

15:30:49.658 [main] DEBUG com.intuit.karate - response time in milliseconds: 569
1 < 201
1 < Date: Wed, 30 Nov 2022 10:00:49 GMT
1 < Content-Type: application/json; charset=utf-8
1 < Content-Length: 80
1 < Connection: keep-alive
1 < X-Powered-By: Express
1 < Access-Control-Allow-Origin: *
1 < Etag: W/"50-rWXd1Q1lNUysg9vQBDy4ztu9hl8"
1 < Via: 1.1 vegur
1 < CF-Cache-Status: DYNAMIC
1 < Report-To: {"endpoints":[{"url":"https:\/\/a.nel.cloudflare.com\/report\/v3?s=1PdyboYrddcY%2FJuwbKlrvQf20Jjc%2FEbk5%2FGW3r4RIRRWT8cz%2BMKi2bzb2gpcJ5RUQ5GeRJdXVl7l33eOGelu4M%2BOroMSuSjYT9WuXbFzq6Cc4eY%2BC%2FQTR7NaxA%3D%3D"}],"group":"cf-nel","max_age":604800}
1 < NEL: {"success_fraction":0,"report_to":"cf-nel","max_age":604800}
1 < Server: cloudflare
1 < CF-RAY: 7722bcfd2c022e39-BOM
{"name":"John","job":"leader","id":"260","createdAt":"2022-11-30T10:00:49.782Z"}

15:30:49.665 [main] INFO  com.intuit.karate - [print] user id is 260 
15:30:50.249 [main] INFO  com.intuit.karate.Suite - <<pass>> feature 1 of 1 (0 remaining) src/test/java/Advanced/CreateMultipleUser.feature
15:46:15.895 [main] DEBUG com.intuit.karate.Suite - [config] classpath:karate-config.js
15:46:15.900 [main] INFO  com.intuit.karate.Suite - backed up existing 'target/karate-reports' dir to: target/karate-reports_1669803375900
15:46:15.927 [main] INFO  c.intuit.karate.core.FeatureRuntime - found scenario at line: 14 - ^Verify whether api with javascript and basic auth$
15:46:16.832 [main] INFO  com.intuit.karate - Tests will be executed in dev environment 
15:46:17.152 [main] DEBUG com.intuit.karate - request:
1 > GET https://postman-echo.com/basic-auth
1 > Authorization: Basic cG9zdG1hbjpwYXNzd29yZA==
1 > Host: postman-echo.com
1 > Connection: Keep-Alive
1 > User-Agent: Apache-HttpClient/4.5.13 (Java/11.0.17)
1 > Accept-Encoding: gzip,deflate


15:46:18.348 [main] DEBUG com.intuit.karate - response time in milliseconds: 1189
1 < 200
1 < Date: Wed, 30 Nov 2022 10:16:18 GMT
1 < Content-Type: application/json; charset=utf-8
1 < Content-Length: 22
1 < Connection: keep-alive
1 < ETag: W/"16-sJz8uwjdDv0wvm7//BYdNw8vMbU"
1 < Vary: Accept-Encoding
1 < set-cookie: sails.sid=s%3A8dD7G2ccegch5HfEpkX3Zl2ai1TIrELo.I5EhUqIBBu32NExzKyz7535l9JVzqcmtIzmqgLk3viA; Path=/; HttpOnly
1 < Set-Cookie: sails.sid=s%3A8dD7G2ccegch5HfEpkX3Zl2ai1TIrELo.I5EhUqIBBu32NExzKyz7535l9JVzqcmtIzmqgLk3viA; Path=/; HttpOnly
{"authenticated":true}

15:46:18.949 [main] INFO  com.intuit.karate.Suite - <<pass>> feature 1 of 1 (0 remaining) src/test/java/Advanced/CreateUsers.feature
16:49:25.228 [main] DEBUG com.intuit.karate.Suite - [config] classpath:karate-config.js
16:49:25.231 [main] INFO  com.intuit.karate.Suite - backed up existing 'target/karate-reports' dir to: target/karate-reports_1669807165231
16:49:25.253 [main] INFO  c.intuit.karate.core.FeatureRuntime - found scenario at line: 14 - ^Verify ListUsers api with retry$
16:49:26.215 [main] INFO  com.intuit.karate - Tests will be executed in dev environment 
16:49:26.486 [main] DEBUG com.intuit.karate - request:
1 > GET https://reqres.in/api/users?page=2
1 > Host: reqres.in
1 > Connection: Keep-Alive
1 > User-Agent: Apache-HttpClient/4.5.13 (Java/11.0.17)
1 > Accept-Encoding: gzip,deflate


16:49:26.701 [main] DEBUG com.intuit.karate - response time in milliseconds: 213
1 < 200
1 < Date: Wed, 30 Nov 2022 11:19:26 GMT
1 < Content-Type: application/json; charset=utf-8
1 < Transfer-Encoding: chunked
1 < Connection: keep-alive
1 < X-Powered-By: Express
1 < Access-Control-Allow-Origin: *
1 < Etag: W/"406-ut0vzoCuidvyMf8arZpMpJ6ZRDw"
1 < Via: 1.1 vegur
1 < Cache-Control: max-age=14400
1 < CF-Cache-Status: HIT
1 < Age: 4454
1 < Report-To: {"endpoints":[{"url":"https:\/\/a.nel.cloudflare.com\/report\/v3?s=Oqf0cj9XNnvg%2F%2BYbyYxyVMAb0QYJtzo8KE2X4XBb8s%2BsggugpdOEh8M1XCQwnyjAJMjGBQmw8cG%2BtcQGxAXfQOR%2BNPXnSOKHloLKEK9k6HDAaYZgjr6My4KAow%3D%3D"}],"group":"cf-nel","max_age":604800}
1 < NEL: {"success_fraction":0,"report_to":"cf-nel","max_age":604800}
1 < Vary: Accept-Encoding
1 < Server: cloudflare
1 < CF-RAY: 7723302859f284b9-BOM
{"page":2,"per_page":6,"total":12,"total_pages":2,"data":[{"id":7,"email":"michael.lawson@reqres.in","first_name":"Michael","last_name":"Lawson","avatar":"https://reqres.in/img/faces/7-image.jpg"},{"id":8,"email":"lindsay.ferguson@reqres.in","first_name":"Lindsay","last_name":"Ferguson","avatar":"https://reqres.in/img/faces/8-image.jpg"},{"id":9,"email":"tobias.funke@reqres.in","first_name":"Tobias","last_name":"Funke","avatar":"https://reqres.in/img/faces/9-image.jpg"},{"id":10,"email":"byron.fields@reqres.in","first_name":"Byron","last_name":"Fields","avatar":"https://reqres.in/img/faces/10-image.jpg"},{"id":11,"email":"george.edwards@reqres.in","first_name":"George","last_name":"Edwards","avatar":"https://reqres.in/img/faces/11-image.jpg"},{"id":12,"email":"rachel.howell@reqres.in","first_name":"Rachel","last_name":"Howell","avatar":"https://reqres.in/img/faces/12-image.jpg"}],"support":{"url":"https://reqres.in/#support-heading","text":"To keep ReqRes free, contributions towards server costs are appreciated!"}}

16:49:26.750 [main] INFO  com.intuit.karate - [print] michael.lawson@reqres.in 
16:49:27.545 [main] INFO  com.intuit.karate.Suite - <<pass>> feature 1 of 1 (0 remaining) src/test/java/Advanced/ForKarateEnvFIle.feature
16:09:37.349 [main] DEBUG com.intuit.karate.Suite - [config] classpath:karate-config.js
16:09:37.354 [main] INFO  com.intuit.karate.Suite - backed up existing 'target/karate-reports' dir to: target/karate-reports_1673433577353
16:09:37.383 [main] INFO  c.intuit.karate.core.FeatureRuntime - found scenario at line: 13 - ^Verify CreateUsers api for multiple users$
16:09:38.376 [main] INFO  com.intuit.karate - Tests will be executed in dev environment 
16:09:38.812 [main] DEBUG com.intuit.karate - request:
1 > POST https://reqres.in/api/users
1 > Content-Type: application/json; charset=UTF-8
1 > Content-Length: 30
1 > Host: reqres.in
1 > Connection: Keep-Alive
1 > User-Agent: Apache-HttpClient/4.5.13 (Java/11.0.17)
1 > Accept-Encoding: gzip,deflate
{"name":"John","job":"leader"}

16:09:39.713 [main] DEBUG com.intuit.karate - response time in milliseconds: 899
1 < 201
1 < Date: Wed, 11 Jan 2023 10:39:39 GMT
1 < Content-Type: application/json; charset=utf-8
1 < Content-Length: 80
1 < Connection: keep-alive
1 < X-Powered-By: Express
1 < Access-Control-Allow-Origin: *
1 < Etag: W/"50-rlU2wAPW10luYD0aZSh8oE8GFZM"
1 < Via: 1.1 vegur
1 < CF-Cache-Status: DYNAMIC
1 < Report-To: {"endpoints":[{"url":"https:\/\/a.nel.cloudflare.com\/report\/v3?s=70J6EdMGSIwxH2QcC%2BZi9F2EZn03KG7rMcdUErXpqizPKSObatQaXGjlRcpYWQ3H5n4bvo2fomONW%2BqMKWdHFGPiUymNOV7nIm11QUyWxceDkibbwlSRSbuN0g%3D%3D"}],"group":"cf-nel","max_age":604800}
1 < NEL: {"success_fraction":0,"report_to":"cf-nel","max_age":604800}
1 < Server: cloudflare
1 < CF-RAY: 787d079dfe701bcc-BOM
{"name":"John","job":"leader","id":"462","createdAt":"2023-01-11T10:39:39.611Z"}

16:09:39.728 [main] INFO  com.intuit.karate - [print] user id is 462 
16:09:39.742 [main] INFO  c.intuit.karate.core.FeatureRuntime - found scenario at line: 14 - ^Verify CreateUsers api for multiple users$
16:09:39.750 [main] INFO  com.intuit.karate - Tests will be executed in dev environment 
16:09:39.754 [main] DEBUG com.intuit.karate - request:
1 > POST https://reqres.in/api/users
1 > Content-Type: application/json; charset=UTF-8
1 > Content-Length: 30
1 > Host: reqres.in
1 > Connection: Keep-Alive
1 > User-Agent: Apache-HttpClient/4.5.13 (Java/11.0.17)
1 > Accept-Encoding: gzip,deflate
{"name":"Jose","job":"leader"}

16:09:40.362 [main] DEBUG com.intuit.karate - response time in milliseconds: 608
1 < 201
1 < Date: Wed, 11 Jan 2023 10:39:40 GMT
1 < Content-Type: application/json; charset=utf-8
1 < Content-Length: 80
1 < Connection: keep-alive
1 < X-Powered-By: Express
1 < Access-Control-Allow-Origin: *
1 < Etag: W/"50-acmSvqscoS87T0sZW2/H/W5kXHE"
1 < Via: 1.1 vegur
1 < CF-Cache-Status: DYNAMIC
1 < Report-To: {"endpoints":[{"url":"https:\/\/a.nel.cloudflare.com\/report\/v3?s=0ZYlsMjhi86lqm2TG8K5SjkH%2B6UpNSD83REorf1oLEYWLkPh55TSUoS%2B0rJJIzPzvzljmlAar1jtiVFvSRgcMYhzJynvk%2BB5ySrbDbRMXJrAZpBZFk2UOtHH6g%3D%3D"}],"group":"cf-nel","max_age":604800}
1 < NEL: {"success_fraction":0,"report_to":"cf-nel","max_age":604800}
1 < Server: cloudflare
1 < CF-RAY: 787d07a2cda71be9-BOM
{"name":"Jose","job":"leader","id":"901","createdAt":"2023-01-11T10:39:40.297Z"}

16:09:40.364 [main] INFO  com.intuit.karate - [print] user id is 901 
16:09:41.029 [main] INFO  com.intuit.karate.Suite - <<pass>> feature 1 of 1 (0 remaining) src/test/java/Advanced/CreateMultipleUser.feature
